Starting Monthly Analysis (Provider: ensemble)...
DEBUG: Checking CSV 'Abilene Christian University' (len=28) vs Target 'University of Texas - Austin' (len=28) -> Match? False
DEBUG: Checking CSV 'Academy of Art College' (len=22) vs Target 'University of Texas - Austin' (len=28) -> Match? False
DEBUG: Checking CSV 'Adams State College' (len=19) vs Target 'University of Texas - Austin' (len=28) -> Match? False
DEBUG: Checking CSV 'Adelphi University' (len=18) vs Target 'University of Texas - Austin' (len=28) -> Match? False
DEBUG: Checking CSV 'Adler School of Professional Psychology' (len=39) vs Target 'University of Texas - Austin' (len=28) -> Match? False
DEBUG: Checking CSV 'East Texas Baptist University' (len=29) vs Target 'University of Texas - Austin' (len=28) -> Match? False
DEBUG: Checking CSV 'Northwood University, Texas Campus' (len=34) vs Target 'University of Texas - Austin' (len=28) -> Match? False
DEBUG: Checking CSV 'South Texas College of Law' (len=26) vs Target 'University of Texas - Austin' (len=28) -> Match? False
DEBUG: Checking CSV 'Southwest Texas State University' (len=32) vs Target 'University of Texas - Austin' (len=28) -> Match? False
DEBUG: Checking CSV 'Texas A&M International University' (len=34) vs Target 'University of Texas - Austin' (len=28) -> Match? False
DEBUG: Checking CSV 'Texas A&M University' (len=20) vs Target 'University of Texas - Austin' (len=28) -> Match? False
DEBUG: Checking CSV 'Texas A&M University - Commerce' (len=31) vs Target 'University of Texas - Austin' (len=28) -> Match? False
DEBUG: Checking CSV 'Texas A&M University - Corpus Christi' (len=37) vs Target 'University of Texas - Austin' (len=28) -> Match? False
DEBUG: Checking CSV 'Texas A&M University - Galveston' (len=32) vs Target 'University of Texas - Austin' (len=28) -> Match? False
DEBUG: Checking CSV 'Texas A&M University - Kingsville' (len=33) vs Target 'University of Texas - Austin' (len=28) -> Match? False
DEBUG: Checking CSV 'Texas A&M University - Texarkana' (len=32) vs Target 'University of Texas - Austin' (len=28) -> Match? False
DEBUG: Checking CSV 'Texas Chiropractic College' (len=26) vs Target 'University of Texas - Austin' (len=28) -> Match? False
DEBUG: Checking CSV 'Texas Christian University' (len=26) vs Target 'University of Texas - Austin' (len=28) -> Match? False
DEBUG: Checking CSV 'Texas College' (len=13) vs Target 'University of Texas - Austin' (len=28) -> Match? False
DEBUG: Checking CSV 'Texas College of Osteopathic Medicine' (len=37) vs Target 'University of Texas - Austin' (len=28) -> Match? False
DEBUG: Checking CSV 'Texas Lutheran University' (len=25) vs Target 'University of Texas - Austin' (len=28) -> Match? False
DEBUG: Checking CSV 'Texas Southern University' (len=25) vs Target 'University of Texas - Austin' (len=28) -> Match? False
DEBUG: Checking CSV 'Texas Tech University' (len=21) vs Target 'University of Texas - Austin' (len=28) -> Match? False
DEBUG: Checking CSV 'Texas Tech University Health Science Center' (len=43) vs Target 'University of Texas - Austin' (len=28) -> Match? False
DEBUG: Checking CSV 'Texas Wesleyan University' (len=25) vs Target 'University of Texas - Austin' (len=28) -> Match? False
DEBUG: Checking CSV 'Texas Woman's University' (len=24) vs Target 'University of Texas - Austin' (len=28) -> Match? False
DEBUG: Checking CSV 'University of Central Texas' (len=27) vs Target 'University of Texas - Austin' (len=28) -> Match? False
DEBUG: Checking CSV 'University of North Texas' (len=25) vs Target 'University of Texas - Austin' (len=28) -> Match? False
DEBUG: Checking CSV 'University of North Texas Health Science Center at Fort Worth' (len=61) vs Target 'University of Texas - Austin' (len=28) -> Match? False
DEBUG: Checking CSV 'University of Texas' (len=19) vs Target 'University of Texas - Austin' (len=28) -> Match? False
DEBUG: Checking CSV 'University of Texas at Arlington' (len=32) vs Target 'University of Texas - Austin' (len=28) -> Match? False
DEBUG: Checking CSV 'University of Texas at Austin' (len=29) vs Target 'University of Texas - Austin' (len=28) -> Match? False
DEBUG: Checking CSV 'University of Texas at Brownsville' (len=34) vs Target 'University of Texas - Austin' (len=28) -> Match? False
DEBUG: Checking CSV 'University of Texas at Dallas' (len=29) vs Target 'University of Texas - Austin' (len=28) -> Match? False
DEBUG: Checking CSV 'University of Texas at El Paso' (len=30) vs Target 'University of Texas - Austin' (len=28) -> Match? False
DEBUG: Checking CSV 'University of Texas at San Antonio' (len=34) vs Target 'University of Texas - Austin' (len=28) -> Match? False
DEBUG: Checking CSV 'University of Texas at Tyler' (len=28) vs Target 'University of Texas - Austin' (len=28) -> Match? False
DEBUG: Checking CSV 'University of Texas Health Center at Houston' (len=44) vs Target 'University of Texas - Austin' (len=28) -> Match? False
DEBUG: Checking CSV 'University of Texas Health Center at Tyler' (len=42) vs Target 'University of Texas - Austin' (len=28) -> Match? False
DEBUG: Checking CSV 'University of Texas Health Science Center at San Antonio' (len=56) vs Target 'University of Texas - Austin' (len=28) -> Match? False
DEBUG: Checking CSV 'University of Texas M.D. Anderson Cancer Center' (len=47) vs Target 'University of Texas - Austin' (len=28) -> Match? False
DEBUG: Checking CSV 'University of Texas Medical Branch Galveston' (len=44) vs Target 'University of Texas - Austin' (len=28) -> Match? False
DEBUG: Checking CSV 'University of Texas of the Permian Basin' (len=40) vs Target 'University of Texas - Austin' (len=28) -> Match? False
DEBUG: Checking CSV 'University of Texas Pan American' (len=32) vs Target 'University of Texas - Austin' (len=28) -> Match? False
DEBUG: Checking CSV 'University of Texas Southwestern Medical Center at Dallas' (len=57) vs Target 'University of Texas - Austin' (len=28) -> Match? False
DEBUG: Checking CSV 'West Texas A&M University' (len=25) vs Target 'University of Texas - Austin' (len=28) -> Match? False
No results generated.
